\BOOKMARK [0][-]{chapter.1}{\376\377\000O\000v\000e\000r\000v\000i\000e\000w}{}% 1
\BOOKMARK [1][-]{section.1.1}{\376\377\000W\000h\000y\000?}{chapter.1}% 2
\BOOKMARK [1][-]{section.1.2}{\376\377\000N\000a\000n\000o\000S\000t\000r\000e\000a\000m\000\040\000p\000i\000p\000e\000l\000i\000n\000e\000s}{chapter.1}% 3
\BOOKMARK [1][-]{section.1.3}{\376\377\000U\000s\000i\000n\000g\000\040\000b\000u\000i\000l\000t\000-\000i\000n\000\040\000N\000a\000n\000o\000N\000o\000d\000e\000\040\000c\000l\000a\000s\000s\000e\000s}{chapter.1}% 4
\BOOKMARK [1][-]{section.1.4}{\376\377\000R\000o\000l\000l\000i\000n\000g\000\040\000y\000o\000u\000r\000\040\000o\000w\000n\000\040\000N\000a\000n\000o\000N\000o\000d\000e\000\040\000c\000l\000a\000s\000s}{chapter.1}% 5
\BOOKMARK [1][-]{section.1.5}{\376\377\000C\000o\000m\000p\000o\000s\000i\000n\000g\000\040\000a\000n\000d\000\040\000c\000o\000n\000f\000i\000g\000u\000r\000i\000n\000g\000\040\000N\000a\000n\000o\000N\000o\000d\000e\000\040\000o\000b\000j\000e\000c\000t\000s}{chapter.1}% 6
\BOOKMARK [0][-]{chapter.2}{\376\377\000R\000e\000q\000u\000i\000r\000e\000m\000e\000n\000t\000s}{}% 7
\BOOKMARK [0][-]{chapter.3}{\376\377\000I\000m\000p\000l\000e\000m\000e\000n\000t\000a\000t\000i\000o\000n}{}% 8
\BOOKMARK [1][-]{section.3.1}{\376\377\000T\000h\000e\000\040\000d\000a\000t\000a\000\040\000j\000o\000u\000r\000n\000e\000y}{chapter.3}% 9
\BOOKMARK [0][-]{chapter.4}{\376\377\000A\000P\000I\000\040\000D\000o\000c\000u\000m\000e\000n\000t\000a\000t\000i\000o\000n}{}% 10
\BOOKMARK [1][-]{section.4.1}{\376\377\000N\000o\000d\000e\000\040\000m\000o\000d\000u\000l\000e}{chapter.4}% 11
\BOOKMARK [1][-]{section.4.2}{\376\377\000D\000a\000t\000a\000\040\000s\000t\000r\000u\000c\000t\000u\000r\000e\000s\000\040\000m\000o\000d\000u\000l\000e}{chapter.4}% 12
\BOOKMARK [1][-]{section.4.3}{\376\377\000N\000e\000t\000w\000o\000r\000k\000\040\000n\000o\000d\000e\000s\000\040\000m\000o\000d\000u\000l\000e}{chapter.4}% 13
\BOOKMARK [1][-]{section.4.4}{\376\377\000N\000a\000n\000o\000S\000t\000r\000e\000a\000m\000M\000e\000s\000s\000a\000g\000e\000\040\000m\000o\000d\000u\000l\000e}{chapter.4}% 14
\BOOKMARK [1][-]{section.4.5}{\376\377\000P\000o\000i\000s\000o\000n\000P\000i\000l\000l\000\040\000m\000o\000d\000u\000l\000e}{chapter.4}% 15
\BOOKMARK [1][-]{section.4.6}{\376\377\000T\000r\000i\000g\000g\000e\000r\000\040\000m\000o\000d\000u\000l\000e}{chapter.4}% 16
\BOOKMARK [1][-]{section.4.7}{\376\377\000B\000a\000t\000c\000h\000\040\000m\000o\000d\000u\000l\000e}{chapter.4}% 17
\BOOKMARK [1][-]{section.4.8}{\376\377\000N\000a\000n\000o\000S\000t\000r\000e\000a\000m\000Q\000u\000e\000u\000e\000\040\000m\000o\000d\000u\000l\000e}{chapter.4}% 18
\BOOKMARK [0][-]{chapter.5}{\376\377\000L\000i\000c\000e\000n\000s\000e}{}% 19
\BOOKMARK [0][-]{chapter.6}{\376\377\000I\000n\000d\000i\000c\000e\000s\000\040\000a\000n\000d\000\040\000t\000a\000b\000l\000e\000s}{}% 20
\BOOKMARK [0][-]{section*.343}{\376\377\000P\000y\000t\000h\000o\000n\000\040\000M\000o\000d\000u\000l\000e\000\040\000I\000n\000d\000e\000x}{}% 21
\BOOKMARK [0][-]{section*.344}{\376\377\000I\000n\000d\000e\000x}{}% 22
